1581111227345	addons.webextension.doh-rollout@mozilla.org	WARN	Loading extension 'doh-rollout@mozilla.org': Reading manifest: Invalid extension permission: networkStatus
1581111227455	addons.webextension.screenshots@mozilla.org	WARN	Loading extension 'screenshots@mozilla.org': Reading manifest: Invalid extension permission: mozillaAddons
1581111227455	addons.webextension.screenshots@mozilla.org	WARN	Loading extension 'screenshots@mozilla.org': Reading manifest: Invalid extension permission: telemetry
1581111227455	addons.webextension.screenshots@mozilla.org	WARN	Loading extension 'screenshots@mozilla.org': Reading manifest: Invalid extension permission: resource://pdf.js/
1581111227455	addons.webextension.screenshots@mozilla.org	WARN	Loading extension 'screenshots@mozilla.org': Reading manifest: Invalid extension permission: about:reader*
1581111228857	Marionette	INFO	Listening on port 35487
1581111228905	Marionette	WARN	TLS certificate errors will be ignored for this session
1581111230881	Marionette	INFO	Stopped listening on port 35487
1581112662609	addons.webextension.doh-rollout@mozilla.org	WARN	Loading extension 'doh-rollout@mozilla.org': Reading manifest: Invalid extension permission: networkStatus
1581112662629	addons.webextension.screenshots@mozilla.org	WARN	Loading extension 'screenshots@mozilla.org': Reading manifest: Invalid extension permission: mozillaAddons
1581112662629	addons.webextension.screenshots@mozilla.org	WARN	Loading extension 'screenshots@mozilla.org': Reading manifest: Invalid extension permission: telemetry
1581112662629	addons.webextension.screenshots@mozilla.org	WARN	Loading extension 'screenshots@mozilla.org': Reading manifest: Invalid extension permission: resource://pdf.js/
1581112662629	addons.webextension.screenshots@mozilla.org	WARN	Loading extension 'screenshots@mozilla.org': Reading manifest: Invalid extension permission: about:reader*
1581112664035	Marionette	INFO	Listening on port 34743
1581112664077	Marionette	WARN	TLS certificate errors will be ignored for this session
1581112665552	Marionette	INFO	Stopped listening on port 34743

###!!! [Child][RunMessage] Error: Channel closing: too late to send/recv, messages will be lost

1581112681340	addons.xpi-utils	WARN	Add-on {cdfbfc50-7cbf-4044-a6fb-cdef5056605c} is not correctly signed.
1581112681340	addons.xpi-utils	WARN	Add-on {cdfbfc50-7cbf-4044-a6fb-cdef5056605c} is not correctly signed.
1581112681340	addons.xpi-utils	WARN	addMetadata: Add-on OdooTerminal@3.0.1 is invalid: Error: Invalid addon ID: expected addon ID OdooTerminal@3.0.1, found {cdfbfc50-7cbf-4044-a6fb-cdef5056605c} in manifest(resource://gre/modules/addons/XPIDatabase.jsm:2710:15) JS Stack trace: addMetadata@XPIDatabase.jsm:2710:15
processFileChanges@XPIDatabase.jsm:3145:26
checkForChanges@XPIProvider.jsm:2928:55
startup@XPIProvider.jsm:2388:12
callProvider@AddonManager.jsm:215:31
_startProvider@AddonManager.jsm:651:17
startup@AddonManager.jsm:875:14
startup@AddonManager.jsm:3534:26
observe@addonManager.js:87:29
1581112681359	addons.webextension.doh-rollout@mozilla.org	WARN	Loading extension 'doh-rollout@mozilla.org': Reading manifest: Invalid extension permission: networkStatus
1581112681372	addons.webextension.screenshots@mozilla.org	WARN	Loading extension 'screenshots@mozilla.org': Reading manifest: Invalid extension permission: mozillaAddons
1581112681372	addons.webextension.screenshots@mozilla.org	WARN	Loading extension 'screenshots@mozilla.org': Reading manifest: Invalid extension permission: telemetry
1581112681372	addons.webextension.screenshots@mozilla.org	WARN	Loading extension 'screenshots@mozilla.org': Reading manifest: Invalid extension permission: resource://pdf.js/
1581112681372	addons.webextension.screenshots@mozilla.org	WARN	Loading extension 'screenshots@mozilla.org': Reading manifest: Invalid extension permission: about:reader*
1581112682670	Marionette	INFO	Listening on port 39801
1581112682733	Marionette	WARN	TLS certificate errors will be ignored for this session
1581112684249	Marionette	INFO	Stopped listening on port 39801

###!!! [Child][RunMessage] Error: Channel closing: too late to send/recv, messages will be lost

1581112705738	addons.xpi-utils	WARN	Add-on {cdfbfc50-7cbf-4044-a6fb-cdef5056605c} is not correctly signed.
1581112705739	addons.xpi-utils	WARN	Add-on {cdfbfc50-7cbf-4044-a6fb-cdef5056605c} is not correctly signed.
1581112705739	addons.xpi-utils	WARN	addMetadata: Add-on OdooTerminal@3.0.1 is invalid: Error: Invalid addon ID: expected addon ID OdooTerminal@3.0.1, found {cdfbfc50-7cbf-4044-a6fb-cdef5056605c} in manifest(resource://gre/modules/addons/XPIDatabase.jsm:2710:15) JS Stack trace: addMetadata@XPIDatabase.jsm:2710:15
processFileChanges@XPIDatabase.jsm:3145:26
checkForChanges@XPIProvider.jsm:2928:55
startup@XPIProvider.jsm:2388:12
callProvider@AddonManager.jsm:215:31
_startProvider@AddonManager.jsm:651:17
startup@AddonManager.jsm:875:14
startup@AddonManager.jsm:3534:26
observe@addonManager.js:87:29
1581112705762	addons.webextension.doh-rollout@mozilla.org	WARN	Loading extension 'doh-rollout@mozilla.org': Reading manifest: Invalid extension permission: networkStatus
1581112705781	addons.webextension.screenshots@mozilla.org	WARN	Loading extension 'screenshots@mozilla.org': Reading manifest: Invalid extension permission: mozillaAddons
1581112705782	addons.webextension.screenshots@mozilla.org	WARN	Loading extension 'screenshots@mozilla.org': Reading manifest: Invalid extension permission: telemetry
1581112705782	addons.webextension.screenshots@mozilla.org	WARN	Loading extension 'screenshots@mozilla.org': Reading manifest: Invalid extension permission: resource://pdf.js/
1581112705782	addons.webextension.screenshots@mozilla.org	WARN	Loading extension 'screenshots@mozilla.org': Reading manifest: Invalid extension permission: about:reader*
1581112707156	Marionette	INFO	Listening on port 40075
1581112707292	Marionette	WARN	TLS certificate errors will be ignored for this session
1581112708624	Marionette	INFO	Stopped listening on port 40075
1581112714305	addons.xpi-utils	WARN	Add-on {cdfbfc50-7cbf-4044-a6fb-cdef5056605c} is not correctly signed.
1581112714305	addons.xpi-utils	WARN	Add-on {cdfbfc50-7cbf-4044-a6fb-cdef5056605c} is not correctly signed.
1581112714305	addons.xpi-utils	WARN	addMetadata: Add-on OdooTerminal@3.0.1 is invalid: Error: Invalid addon ID: expected addon ID OdooTerminal@3.0.1, found {cdfbfc50-7cbf-4044-a6fb-cdef5056605c} in manifest(resource://gre/modules/addons/XPIDatabase.jsm:2710:15) JS Stack trace: addMetadata@XPIDatabase.jsm:2710:15
processFileChanges@XPIDatabase.jsm:3145:26
checkForChanges@XPIProvider.jsm:2928:55
startup@XPIProvider.jsm:2388:12
callProvider@AddonManager.jsm:215:31
_startProvider@AddonManager.jsm:651:17
startup@AddonManager.jsm:875:14
startup@AddonManager.jsm:3534:26
observe@addonManager.js:87:29
1581112714326	addons.webextension.doh-rollout@mozilla.org	WARN	Loading extension 'doh-rollout@mozilla.org': Reading manifest: Invalid extension permission: networkStatus
1581112714339	addons.webextension.screenshots@mozilla.org	WARN	Loading extension 'screenshots@mozilla.org': Reading manifest: Invalid extension permission: mozillaAddons
1581112714339	addons.webextension.screenshots@mozilla.org	WARN	Loading extension 'screenshots@mozilla.org': Reading manifest: Invalid extension permission: telemetry
1581112714340	addons.webextension.screenshots@mozilla.org	WARN	Loading extension 'screenshots@mozilla.org': Reading manifest: Invalid extension permission: resource://pdf.js/
1581112714340	addons.webextension.screenshots@mozilla.org	WARN	Loading extension 'screenshots@mozilla.org': Reading manifest: Invalid extension permission: about:reader*
1581112715541	Marionette	INFO	Listening on port 39949
1581112715617	Marionette	WARN	TLS certificate errors will be ignored for this session
1581112716370	Marionette	INFO	Stopped listening on port 39949
1581112832440	addons.xpi-utils	WARN	Add-on {cdfbfc50-7cbf-4044-a6fb-cdef5056605c} is not correctly signed.
1581112832441	addons.xpi-utils	WARN	Add-on {cdfbfc50-7cbf-4044-a6fb-cdef5056605c} is not correctly signed.
1581112832442	addons.xpi-utils	WARN	addMetadata: Add-on OdooTerminal@3.0.1 is invalid: Error: Invalid addon ID: expected addon ID OdooTerminal@3.0.1, found {cdfbfc50-7cbf-4044-a6fb-cdef5056605c} in manifest(resource://gre/modules/addons/XPIDatabase.jsm:2710:15) JS Stack trace: addMetadata@XPIDatabase.jsm:2710:15
processFileChanges@XPIDatabase.jsm:3145:26
checkForChanges@XPIProvider.jsm:2928:55
startup@XPIProvider.jsm:2388:12
callProvider@AddonManager.jsm:215:31
_startProvider@AddonManager.jsm:651:17
startup@AddonManager.jsm:875:14
startup@AddonManager.jsm:3534:26
observe@addonManager.js:87:29
1581112832470	addons.webextension.doh-rollout@mozilla.org	WARN	Loading extension 'doh-rollout@mozilla.org': Reading manifest: Invalid extension permission: networkStatus
1581112832490	addons.webextension.screenshots@mozilla.org	WARN	Loading extension 'screenshots@mozilla.org': Reading manifest: Invalid extension permission: mozillaAddons
1581112832490	addons.webextension.screenshots@mozilla.org	WARN	Loading extension 'screenshots@mozilla.org': Reading manifest: Invalid extension permission: telemetry
1581112832490	addons.webextension.screenshots@mozilla.org	WARN	Loading extension 'screenshots@mozilla.org': Reading manifest: Invalid extension permission: resource://pdf.js/
1581112832490	addons.webextension.screenshots@mozilla.org	WARN	Loading extension 'screenshots@mozilla.org': Reading manifest: Invalid extension permission: about:reader*
1581112833860	Marionette	INFO	Listening on port 46813
1581112833908	Marionette	WARN	TLS certificate errors will be ignored for this session
1581112834669	Marionette	INFO	Stopped listening on port 46813
